android/twa-project/app/build/intermediates/manifest_merge_blame_file/release/processReleaseMainManifest/manifest-merger-blame-release-report.txt
1<?xml version="1.0" encoding="utf-8"?>
2<!--
3    Copyright 2019 Google Inc. All Rights Reserved.
4
5     Licensed under the Apache License, Version 2.0 (the "License");
6     you may not use this file except in compliance with the License.
7     You may obtain a copy of the License at
8
9         http://www.apache.org/licenses/LICENSE-2.0
10
11     Unless required by applicable law or agreed to in writing, software
12     distributed under the License is distributed on an "AS IS" BASIS,
13     WITHOUT WARRANTIES OR CONDITIONS OF ANY KIND, either express or implied.
14     See the License for the specific language governing permissions and
15     limitations under the License.
16-->
17<!--
18 The "package" attribute is rewritten by the Gradle build with the value of applicationId.
19     It is still required here, as it is used to derive paths, for instance when referring
20     to an Activity by ".MyActivity" instead of the full name. If more Activities are added to the
21     application, the package attribute will need to reflect the correct path in order to use
22     the abbreviated format.
23-->
24<manifest xmlns:android="http://schemas.android.com/apk/res/android"
25    package="cc.notifly.wadsworth.twa"
26    android:versionCode="2"
27    android:versionName="2" >
28
29    <uses-sdk
30        android:minSdkVersion="21"
31        android:targetSdkVersion="35" />
32
33    <uses-permission android:name="android.permission.POST_NOTIFICATIONS" />
33-->src/main/AndroidManifest.xml:26:9-80
33-->src/main/AndroidManifest.xml:26:26-78
34
35    <queries>
35-->[com.google.androidbrowserhelper:androidbrowserhelper:2.6.2] AndroidManifest.xml:22:5-30:15
36        <intent>
36-->[com.google.androidbrowserhelper:androidbrowserhelper:2.6.2] AndroidManifest.xml:23:9-29:18
37            <action android:name="android.intent.action.VIEW" />
37-->src/main/AndroidManifest.xml:156:17-68
37-->src/main/AndroidManifest.xml:156:25-66
38
39            <category android:name="android.intent.category.BROWSABLE" />
39-->src/main/AndroidManifest.xml:158:17-77
39-->src/main/AndroidManifest.xml:158:27-75
40
41            <data android:scheme="https" />
41-->src/main/AndroidManifest.xml:159:17-162:19
41-->src/main/AndroidManifest.xml:159:23-45
42        </intent>
43        <intent>
43-->[com.android.billingclient:billing:7.1.1] AndroidManifest.xml:13:9-15:18
44            <action android:name="com.android.vending.billing.InAppBillingService.BIND" />
44-->[com.android.billingclient:billing:7.1.1] AndroidManifest.xml:14:13-91
44-->[com.android.billingclient:billing:7.1.1] AndroidManifest.xml:14:21-88
45        </intent>
46        <intent>
46-->[com.android.billingclient:billing:7.1.1] AndroidManifest.xml:16:9-18:18
47            <action android:name="com.google.android.apps.play.billingtestcompanion.BillingOverrideService.BIND" />
47-->[com.android.billingclient:billing:7.1.1] AndroidManifest.xml:17:13-116
47-->[com.android.billingclient:billing:7.1.1] AndroidManifest.xml:17:21-113
48        </intent>
49    </queries>
50
51    <uses-permission android:name="com.android.vending.BILLING" />
51-->[com.android.billingclient:billing:7.1.1] AndroidManifest.xml:10:5-67
51-->[com.android.billingclient:billing:7.1.1] AndroidManifest.xml:10:22-64
52
53    <permission
53-->[androidx.core:core:1.13.0] AndroidManifest.xml:22:5-24:47
54        android:name="cc.notifly.wadsworth.twa.DYNAMIC_RECEIVER_NOT_EXPORTED_PERMISSION"
54-->[androidx.core:core:1.13.0] AndroidManifest.xml:23:9-81
55        android:protectionLevel="signature" />
55-->[androidx.core:core:1.13.0] AndroidManifest.xml:24:9-44
56
57    <uses-permission android:name="cc.notifly.wadsworth.twa.DYNAMIC_RECEIVER_NOT_EXPORTED_PERMISSION" /> <!-- Although the *SdkVersion is captured in gradle build files, this is required for non gradle builds -->
57-->[androidx.core:core:1.13.0] AndroidManifest.xml:26:5-97
57-->[androidx.core:core:1.13.0] AndroidManifest.xml:26:22-94
58    <!-- <uses-sdk android:minSdkVersion="14"/> -->
59    <uses-permission android:name="android.permission.ACCESS_NETWORK_STATE" />
59-->[com.google.android.datatransport:transport-backend-cct:3.1.8] AndroidManifest.xml:24:5-79
59-->[com.google.android.datatransport:transport-backend-cct:3.1.8] AndroidManifest.xml:24:22-76
60    <uses-permission android:name="android.permission.INTERNET" />
60-->[com.google.android.datatransport:transport-backend-cct:3.1.8] AndroidManifest.xml:25:5-67
60-->[com.google.android.datatransport:transport-backend-cct:3.1.8] AndroidManifest.xml:25:22-64
61
62    <application
62-->src/main/AndroidManifest.xml:35:5-237:19
63        android:name="cc.notifly.wadsworth.WadsworthApplication"
63-->src/main/AndroidManifest.xml:36:9-65
64        android:allowBackup="true"
64-->src/main/AndroidManifest.xml:37:9-35
65        android:appComponentFactory="androidx.core.app.CoreComponentFactory"
65-->[androidx.core:core:1.13.0] AndroidManifest.xml:28:18-86
66        android:extractNativeLibs="true"
67        android:icon="@mipmap/ic_launcher"
67-->src/main/AndroidManifest.xml:38:9-43
68        android:label="@string/appName"
68-->src/main/AndroidManifest.xml:39:9-40
69        android:manageSpaceActivity="com.google.androidbrowserhelper.trusted.ManageDataLauncherActivity"
69-->src/main/AndroidManifest.xml:41:9-105
70        android:supportsRtl="true"
70-->src/main/AndroidManifest.xml:43:9-35
71        android:theme="@android:style/Theme.Translucent.NoTitleBar" >
71-->src/main/AndroidManifest.xml:44:9-68
72        <meta-data
72-->src/main/AndroidManifest.xml:46:9-48:58
73            android:name="asset_statements"
73-->src/main/AndroidManifest.xml:47:13-44
74            android:resource="@string/assetStatements" />
74-->src/main/AndroidManifest.xml:48:13-55
75        <meta-data
75-->src/main/AndroidManifest.xml:51:13-53:58
76            android:name="web_manifest_url"
76-->src/main/AndroidManifest.xml:52:17-48
77            android:value="@string/webManifestUrl" />
77-->src/main/AndroidManifest.xml:53:17-55
78        <meta-data
78-->src/main/AndroidManifest.xml:56:9-58:52
79            android:name="twa_generator"
79-->src/main/AndroidManifest.xml:57:13-41
80            android:value="@string/generatorApp" />
80-->src/main/AndroidManifest.xml:58:13-49
81
82        <activity
82-->src/main/AndroidManifest.xml:65:13-76:24
83            android:name="com.google.androidbrowserhelper.trusted.ManageDataLauncherActivity"
83-->src/main/AndroidManifest.xml:65:23-104
84            android:enabled="true"
84-->src/main/AndroidManifest.xml:67:17-39
85            android:excludeFromRecents="true"
85-->src/main/AndroidManifest.xml:68:17-50
86            android:exported="false" >
86-->src/main/AndroidManifest.xml:66:17-41
87            <meta-data
87-->src/main/AndroidManifest.xml:69:17-71:57
88                android:name="android.support.customtabs.trusted.MANAGE_SPACE_URL"
88-->src/main/AndroidManifest.xml:70:21-87
89                android:value="@string/launchUrl" />
89-->src/main/AndroidManifest.xml:71:21-54
90
91            <intent-filter>
91-->src/main/AndroidManifest.xml:72:17-75:33
92                <action android:name="android.intent.action.APPLICATION_PREFERENCES" />
92-->src/main/AndroidManifest.xml:73:21-92
92-->src/main/AndroidManifest.xml:73:29-89
93
94                <category android:name="android.intent.category.DEFAULT" />
94-->src/main/AndroidManifest.xml:74:21-80
94-->src/main/AndroidManifest.xml:74:31-77
95            </intent-filter>
96        </activity>
97        <activity
97-->src/main/AndroidManifest.xml:79:9-168:20
98            android:name="cc.notifly.wadsworth.twa.LauncherActivity"
98-->src/main/AndroidManifest.xml:79:19-50
99            android:alwaysRetainTaskState="true"
99-->src/main/AndroidManifest.xml:80:13-49
100            android:exported="true"
100-->src/main/AndroidManifest.xml:82:13-36
101            android:label="@string/launcherName" >
101-->src/main/AndroidManifest.xml:81:13-49
102            <meta-data
102-->src/main/AndroidManifest.xml:83:13-84:53
103                android:name="android.support.customtabs.trusted.DEFAULT_URL"
103-->src/main/AndroidManifest.xml:83:24-85
104                android:value="@string/launchUrl" />
104-->src/main/AndroidManifest.xml:84:17-50
105            <meta-data
105-->src/main/AndroidManifest.xml:86:13-88:58
106                android:name="android.support.customtabs.trusted.STATUS_BAR_COLOR"
106-->src/main/AndroidManifest.xml:87:17-83
107                android:resource="@color/colorPrimary" />
107-->src/main/AndroidManifest.xml:88:17-55
108            <meta-data
108-->src/main/AndroidManifest.xml:91:17-93:71
109                android:name="android.support.customtabs.trusted.LAUNCH_HANDLER_CLIENT_MODE"
109-->src/main/AndroidManifest.xml:92:21-97
110                android:value="@string/launchHandlerClientMode" />
110-->src/main/AndroidManifest.xml:93:21-68
111            <meta-data
111-->src/main/AndroidManifest.xml:96:13-98:62
112                android:name="android.support.customtabs.trusted.STATUS_BAR_COLOR_DARK"
112-->src/main/AndroidManifest.xml:97:17-88
113                android:resource="@color/colorPrimaryDark" />
113-->src/main/AndroidManifest.xml:98:17-59
114            <meta-data
114-->src/main/AndroidManifest.xml:100:13-102:61
115                android:name="android.support.customtabs.trusted.NAVIGATION_BAR_COLOR"
115-->src/main/AndroidManifest.xml:101:17-87
116                android:resource="@color/navigationColor" />
116-->src/main/AndroidManifest.xml:102:17-58
117            <meta-data
117-->src/main/AndroidManifest.xml:104:13-106:65
118                android:name="android.support.customtabs.trusted.NAVIGATION_BAR_COLOR_DARK"
118-->src/main/AndroidManifest.xml:105:17-92
119                android:resource="@color/navigationColorDark" />
119-->src/main/AndroidManifest.xml:106:17-62
120            <meta-data
120-->src/main/AndroidManifest.xml:108:13-110:68
121                android:name="androix.browser.trusted.NAVIGATION_BAR_DIVIDER_COLOR"
121-->src/main/AndroidManifest.xml:109:17-84
122                android:resource="@color/navigationDividerColor" />
122-->src/main/AndroidManifest.xml:110:17-65
123            <meta-data
123-->src/main/AndroidManifest.xml:112:13-114:72
124                android:name="androix.browser.trusted.NAVIGATION_BAR_DIVIDER_COLOR_DARK"
124-->src/main/AndroidManifest.xml:113:17-89
125                android:resource="@color/navigationDividerColorDark" />
125-->src/main/AndroidManifest.xml:114:17-69
126            <meta-data
126-->src/main/AndroidManifest.xml:116:13-117:54
127                android:name="android.support.customtabs.trusted.SPLASH_IMAGE_DRAWABLE"
127-->src/main/AndroidManifest.xml:116:24-95
128                android:resource="@drawable/splash" />
128-->src/main/AndroidManifest.xml:117:17-52
129            <meta-data
129-->src/main/AndroidManifest.xml:119:13-120:60
130                android:name="android.support.customtabs.trusted.SPLASH_SCREEN_BACKGROUND_COLOR"
130-->src/main/AndroidManifest.xml:119:24-104
131                android:resource="@color/backgroundColor" />
131-->src/main/AndroidManifest.xml:120:17-58
132            <meta-data
132-->src/main/AndroidManifest.xml:122:13-123:71
133                android:name="android.support.customtabs.trusted.SPLASH_SCREEN_FADE_OUT_DURATION"
133-->src/main/AndroidManifest.xml:122:24-105
134                android:value="@integer/splashScreenFadeOutDuration" />
134-->src/main/AndroidManifest.xml:123:17-69
135            <meta-data
135-->src/main/AndroidManifest.xml:125:13-126:60
136                android:name="android.support.customtabs.trusted.FILE_PROVIDER_AUTHORITY"
136-->src/main/AndroidManifest.xml:125:24-97
137                android:value="@string/providerAuthority" />
137-->src/main/AndroidManifest.xml:126:17-58
138            <meta-data
138-->src/main/AndroidManifest.xml:128:13-97
139                android:name="android.app.shortcuts"
139-->src/main/AndroidManifest.xml:128:24-60
140                android:resource="@xml/shortcuts" />
140-->src/main/AndroidManifest.xml:128:61-94
141            <meta-data
141-->src/main/AndroidManifest.xml:130:13-131:56
142                android:name="android.support.customtabs.trusted.FALLBACK_STRATEGY"
142-->src/main/AndroidManifest.xml:130:24-91
143                android:value="@string/fallbackType" />
143-->src/main/AndroidManifest.xml:131:17-53
144            <meta-data
144-->src/main/AndroidManifest.xml:137:13-138:54
145                android:name="android.support.customtabs.trusted.SCREEN_ORIENTATION"
145-->src/main/AndroidManifest.xml:137:24-92
146                android:value="@string/orientation" />
146-->src/main/AndroidManifest.xml:138:17-52
147            <meta-data
147-->src/main/AndroidManifest.xml:143:17-145:66
148                android:name="android.support.customtabs.trusted.DISPLAY_OVERRIDE"
148-->src/main/AndroidManifest.xml:144:21-87
149                android:resource="@array/display_override" />
149-->src/main/AndroidManifest.xml:145:21-63
150
151            <intent-filter>
151-->src/main/AndroidManifest.xml:150:13-153:29
152                <action android:name="android.intent.action.MAIN" />
152-->src/main/AndroidManifest.xml:151:17-69
152-->src/main/AndroidManifest.xml:151:25-66
153
154                <category android:name="android.intent.category.LAUNCHER" />
154-->src/main/AndroidManifest.xml:152:17-77
154-->src/main/AndroidManifest.xml:152:27-74
155            </intent-filter>
156            <intent-filter android:autoVerify="true" >
156-->src/main/AndroidManifest.xml:155:13-163:29
156-->src/main/AndroidManifest.xml:155:28-53
157                <action android:name="android.intent.action.VIEW" />
157-->src/main/AndroidManifest.xml:156:17-68
157-->src/main/AndroidManifest.xml:156:25-66
158
159                <category android:name="android.intent.category.DEFAULT" />
159-->src/main/AndroidManifest.xml:74:21-80
159-->src/main/AndroidManifest.xml:74:31-77
160                <category android:name="android.intent.category.BROWSABLE" />
160-->src/main/AndroidManifest.xml:158:17-77
160-->src/main/AndroidManifest.xml:158:27-75
161
162                <data
162-->src/main/AndroidManifest.xml:159:17-162:19
163                    android:host="@string/hostName"
163-->src/main/AndroidManifest.xml:160:21-52
164                    android:scheme="https" />
164-->src/main/AndroidManifest.xml:159:23-45
165            </intent-filter>
166        </activity>
167        <activity android:name="com.google.androidbrowserhelper.trusted.FocusActivity" />
167-->src/main/AndroidManifest.xml:170:9-90
167-->src/main/AndroidManifest.xml:170:19-87
168        <activity
168-->src/main/AndroidManifest.xml:172:9-173:62
169            android:name="com.google.androidbrowserhelper.trusted.WebViewFallbackActivity"
169-->src/main/AndroidManifest.xml:172:19-97
170            android:configChanges="orientation|screenSize" />
170-->src/main/AndroidManifest.xml:173:13-59
171
172        <provider
172-->src/main/AndroidManifest.xml:175:9-183:20
173            android:name="androidx.core.content.FileProvider"
173-->src/main/AndroidManifest.xml:176:13-62
174            android:authorities="@string/providerAuthority"
174-->src/main/AndroidManifest.xml:177:13-60
175            android:exported="false"
175-->src/main/AndroidManifest.xml:179:13-37
176            android:grantUriPermissions="true" >
176-->src/main/AndroidManifest.xml:178:13-47
177            <meta-data
177-->src/main/AndroidManifest.xml:180:13-182:53
178                android:name="android.support.FILE_PROVIDER_PATHS"
178-->src/main/AndroidManifest.xml:181:17-67
179                android:resource="@xml/filepaths" />
179-->src/main/AndroidManifest.xml:182:17-50
180        </provider>
181
182        <service
182-->src/main/AndroidManifest.xml:185:9-200:19
183            android:name="cc.notifly.wadsworth.twa.DelegationService"
183-->src/main/AndroidManifest.xml:186:13-46
184            android:enabled="@bool/enableNotification"
184-->src/main/AndroidManifest.xml:187:13-55
185            android:exported="@bool/enableNotification" >
185-->src/main/AndroidManifest.xml:188:13-56
186            <meta-data
186-->src/main/AndroidManifest.xml:191:17-193:73
187                android:name="android.support.customtabs.trusted.SMALL_ICON"
187-->src/main/AndroidManifest.xml:192:21-81
188                android:resource="@drawable/ic_notification_icon" />
188-->src/main/AndroidManifest.xml:193:21-70
189
190            <intent-filter>
190-->src/main/AndroidManifest.xml:196:13-199:29
191                <action android:name="android.support.customtabs.trusted.TRUSTED_WEB_ACTIVITY_SERVICE" />
191-->src/main/AndroidManifest.xml:197:17-105
191-->src/main/AndroidManifest.xml:197:25-103
192
193                <category android:name="android.intent.category.DEFAULT" />
193-->src/main/AndroidManifest.xml:74:21-80
193-->src/main/AndroidManifest.xml:74:31-77
194            </intent-filter>
195        </service>
196
197        <activity android:name="com.google.androidbrowserhelper.trusted.NotificationPermissionRequestActivity" />
197-->src/main/AndroidManifest.xml:203:13-118
197-->src/main/AndroidManifest.xml:203:23-115
198        <activity
198-->src/main/AndroidManifest.xml:208:9-221:20
199            android:name="com.google.androidbrowserhelper.playbilling.provider.PaymentActivity"
199-->src/main/AndroidManifest.xml:209:13-96
200            android:configChanges="keyboardHidden|keyboard|orientation|screenLayout|screenSize"
200-->src/main/AndroidManifest.xml:211:13-96
201            android:exported="true"
201-->src/main/AndroidManifest.xml:212:13-36
202            android:theme="@android:style/Theme.Translucent.NoTitleBar" >
202-->src/main/AndroidManifest.xml:210:13-72
203            <intent-filter>
203-->src/main/AndroidManifest.xml:214:13-216:29
204                <action android:name="org.chromium.intent.action.PAY" />
204-->src/main/AndroidManifest.xml:215:17-73
204-->src/main/AndroidManifest.xml:215:25-70
205            </intent-filter>
206
207            <meta-data
207-->src/main/AndroidManifest.xml:218:13-220:67
208                android:name="org.chromium.default_payment_method_name"
208-->src/main/AndroidManifest.xml:219:17-72
209                android:value="https://play.google.com/billing" />
209-->src/main/AndroidManifest.xml:220:17-64
210        </activity>
211
212        <!-- This service checks who calls it at runtime. -->
213        <service
213-->src/main/AndroidManifest.xml:224:9-230:19
214            android:name="com.google.androidbrowserhelper.playbilling.provider.PaymentService"
214-->src/main/AndroidManifest.xml:225:13-95
215            android:exported="true" >
215-->src/main/AndroidManifest.xml:226:13-36
216            <intent-filter>
216-->src/main/AndroidManifest.xml:227:13-229:29
217                <action android:name="org.chromium.intent.action.IS_READY_TO_PAY" />
217-->src/main/AndroidManifest.xml:228:17-85
217-->src/main/AndroidManifest.xml:228:25-82
218            </intent-filter>
219        </service>
220
221        <receiver
221-->src/main/AndroidManifest.xml:232:13-400
222            android:name="cc.notifly.wadsworth.WadsworthWidget"
222-->src/main/AndroidManifest.xml:232:23-74
223            android:exported="true"
223-->src/main/AndroidManifest.xml:232:108-131
224            android:label="Balance + Alerts" >
224-->src/main/AndroidManifest.xml:232:75-107
225            <intent-filter>
225-->src/main/AndroidManifest.xml:232:132-289
226                <action android:name="android.appwidget.action.APPWIDGET_UPDATE" />
226-->src/main/AndroidManifest.xml:232:147-213
226-->src/main/AndroidManifest.xml:232:155-211
227                <action android:name="cc.notifly.wadsworth.WIDGET_REFRESH" />
227-->src/main/AndroidManifest.xml:232:213-273
227-->src/main/AndroidManifest.xml:232:221-271
228            </intent-filter>
229
230            <meta-data
230-->src/main/AndroidManifest.xml:232:289-389
231                android:name="android.appwidget.provider"
231-->src/main/AndroidManifest.xml:232:300-341
232                android:resource="@xml/wadsworth_widget_info" />
232-->src/main/AndroidManifest.xml:232:342-387
233        </receiver>
234
235        <activity
235-->src/main/AndroidManifest.xml:233:13-425
236            android:name="cc.notifly.wadsworth.WadsworthTokenActivity"
236-->src/main/AndroidManifest.xml:233:23-81
237            android:exported="true"
237-->src/main/AndroidManifest.xml:233:82-105
238            android:theme="@android:style/Theme.NoDisplay" >
238-->src/main/AndroidManifest.xml:233:106-152
239            <intent-filter>
239-->src/main/AndroidManifest.xml:233:153-414
240                <action android:name="android.intent.action.VIEW" />
240-->src/main/AndroidManifest.xml:156:17-68
240-->src/main/AndroidManifest.xml:156:25-66
241
242                <category android:name="android.intent.category.DEFAULT" />
242-->src/main/AndroidManifest.xml:74:21-80
242-->src/main/AndroidManifest.xml:74:31-77
243                <category android:name="android.intent.category.BROWSABLE" />
243-->src/main/AndroidManifest.xml:158:17-77
243-->src/main/AndroidManifest.xml:158:27-75
244
245                <data
245-->src/main/AndroidManifest.xml:159:17-162:19
246                    android:host="widget-auth"
246-->src/main/AndroidManifest.xml:160:21-52
247                    android:scheme="wadsworth" />
247-->src/main/AndroidManifest.xml:159:23-45
248            </intent-filter>
249        </activity>
250
251        <receiver
251-->src/main/AndroidManifest.xml:234:13-381
252            android:name="cc.notifly.wadsworth.WBCWidget"
252-->src/main/AndroidManifest.xml:234:23-68
253            android:exported="true"
253-->src/main/AndroidManifest.xml:234:98-121
254            android:label="WBC-50 Index" >
254-->src/main/AndroidManifest.xml:234:69-97
255            <intent-filter>
255-->src/main/AndroidManifest.xml:234:122-276
256                <action android:name="android.appwidget.action.APPWIDGET_UPDATE" />
256-->src/main/AndroidManifest.xml:232:147-213
256-->src/main/AndroidManifest.xml:232:155-211
257                <action android:name="cc.notifly.wadsworth.WBC_REFRESH" />
257-->src/main/AndroidManifest.xml:234:203-260
257-->src/main/AndroidManifest.xml:234:211-258
258            </intent-filter>
259
260            <meta-data
260-->src/main/AndroidManifest.xml:232:289-389
261                android:name="android.appwidget.provider"
261-->src/main/AndroidManifest.xml:232:300-341
262                android:resource="@xml/wbc_widget_info" />
262-->src/main/AndroidManifest.xml:232:342-387
263        </receiver>
264        <receiver
264-->src/main/AndroidManifest.xml:235:13-403
265            android:name="cc.notifly.wadsworth.GlobalChatWidget"
265-->src/main/AndroidManifest.xml:235:23-75
266            android:exported="true"
266-->src/main/AndroidManifest.xml:235:104-127
267            android:label="Global Chat" >
267-->src/main/AndroidManifest.xml:235:76-103
268            <intent-filter>
268-->src/main/AndroidManifest.xml:235:128-290
269                <action android:name="android.appwidget.action.APPWIDGET_UPDATE" />
269-->src/main/AndroidManifest.xml:232:147-213
269-->src/main/AndroidManifest.xml:232:155-211
270                <action android:name="cc.notifly.wadsworth.GLOBAL_CHAT_REFRESH" />
270-->src/main/AndroidManifest.xml:235:209-274
270-->src/main/AndroidManifest.xml:235:217-272
271            </intent-filter>
272
273            <meta-data
273-->src/main/AndroidManifest.xml:232:289-389
274                android:name="android.appwidget.provider"
274-->src/main/AndroidManifest.xml:232:300-341
275                android:resource="@xml/global_chat_widget_info" />
275-->src/main/AndroidManifest.xml:232:342-387
276        </receiver>
277        <receiver
277-->src/main/AndroidManifest.xml:236:13-399
278            android:name="cc.notifly.wadsworth.TradeChatWidget"
278-->src/main/AndroidManifest.xml:236:23-74
279            android:exported="true"
279-->src/main/AndroidManifest.xml:236:102-125
280            android:label="Trade Chat" >
280-->src/main/AndroidManifest.xml:236:75-101
281            <intent-filter>
281-->src/main/AndroidManifest.xml:236:126-287
282                <action android:name="android.appwidget.action.APPWIDGET_UPDATE" />
282-->src/main/AndroidManifest.xml:232:147-213
282-->src/main/AndroidManifest.xml:232:155-211
283                <action android:name="cc.notifly.wadsworth.TRADE_CHAT_REFRESH" />
283-->src/main/AndroidManifest.xml:236:207-271
283-->src/main/AndroidManifest.xml:236:215-269
284            </intent-filter>
285
286            <meta-data
286-->src/main/AndroidManifest.xml:232:289-389
287                android:name="android.appwidget.provider"
287-->src/main/AndroidManifest.xml:232:300-341
288                android:resource="@xml/trade_chat_widget_info" />
288-->src/main/AndroidManifest.xml:232:342-387
289        </receiver>
290
291        <meta-data
291-->[com.android.billingclient:billing:7.1.1] AndroidManifest.xml:22:9-24:37
292            android:name="com.google.android.play.billingclient.version"
292-->[com.android.billingclient:billing:7.1.1] AndroidManifest.xml:23:13-73
293            android:value="7.1.1" />
293-->[com.android.billingclient:billing:7.1.1] AndroidManifest.xml:24:13-34
294
295        <activity
295-->[com.android.billingclient:billing:7.1.1] AndroidManifest.xml:26:9-30:75
296            android:name="com.android.billingclient.api.ProxyBillingActivity"
296-->[com.android.billingclient:billing:7.1.1] AndroidManifest.xml:27:13-78
297            android:configChanges="keyboard|keyboardHidden|screenLayout|screenSize|orientation"
297-->[com.android.billingclient:billing:7.1.1] AndroidManifest.xml:28:13-96
298            android:exported="false"
298-->[com.android.billingclient:billing:7.1.1] AndroidManifest.xml:29:13-37
299            android:theme="@android:style/Theme.Translucent.NoTitleBar" />
299-->[com.android.billingclient:billing:7.1.1] AndroidManifest.xml:30:13-72
300        <activity
300-->[com.android.billingclient:billing:7.1.1] AndroidManifest.xml:31:9-35:75
301            android:name="com.android.billingclient.api.ProxyBillingActivityV2"
301-->[com.android.billingclient:billing:7.1.1] AndroidManifest.xml:32:13-80
302            android:configChanges="keyboard|keyboardHidden|screenLayout|screenSize|orientation"
302-->[com.android.billingclient:billing:7.1.1] AndroidManifest.xml:33:13-96
303            android:exported="false"
303-->[com.android.billingclient:billing:7.1.1] AndroidManifest.xml:34:13-37
304            android:theme="@android:style/Theme.Translucent.NoTitleBar" />
304-->[com.android.billingclient:billing:7.1.1] AndroidManifest.xml:35:13-72
305        <activity
305-->[com.google.android.gms:play-services-base:18.5.0] AndroidManifest.xml:5:9-173
306            android:name="com.google.android.gms.common.api.GoogleApiActivity"
306-->[com.google.android.gms:play-services-base:18.5.0] AndroidManifest.xml:5:19-85
307            android:exported="false"
307-->[com.google.android.gms:play-services-base:18.5.0] AndroidManifest.xml:5:146-170
308            android:theme="@android:style/Theme.Translucent.NoTitleBar" />
308-->[com.google.android.gms:play-services-base:18.5.0] AndroidManifest.xml:5:86-145
309
310        <meta-data
310-->[com.google.android.gms:play-services-basement:18.4.0] AndroidManifest.xml:6:9-122
311            android:name="com.google.android.gms.version"
311-->[com.google.android.gms:play-services-basement:18.4.0] AndroidManifest.xml:6:20-65
312            android:value="@integer/google_play_services_version" />
312-->[com.google.android.gms:play-services-basement:18.4.0] AndroidManifest.xml:6:66-119
313
314        <provider
314-->[androidx.emoji2:emoji2:1.3.0] AndroidManifest.xml:24:9-32:20
315            android:name="androidx.startup.InitializationProvider"
315-->[androidx.emoji2:emoji2:1.3.0] AndroidManifest.xml:25:13-67
316            android:authorities="cc.notifly.wadsworth.twa.androidx-startup"
316-->[androidx.emoji2:emoji2:1.3.0] AndroidManifest.xml:26:13-68
317            android:exported="false" >
317-->[androidx.emoji2:emoji2:1.3.0] AndroidManifest.xml:27:13-37
318            <meta-data
318-->[androidx.emoji2:emoji2:1.3.0] AndroidManifest.xml:29:13-31:52
319                android:name="androidx.emoji2.text.EmojiCompatInitializer"
319-->[androidx.emoji2:emoji2:1.3.0] AndroidManifest.xml:30:17-75
320                android:value="androidx.startup" />
320-->[androidx.emoji2:emoji2:1.3.0] AndroidManifest.xml:31:17-49
321            <meta-data
321-->[androidx.lifecycle:lifecycle-process:2.6.2] AndroidManifest.xml:29:13-31:52
322                android:name="androidx.lifecycle.ProcessLifecycleInitializer"
322-->[androidx.lifecycle:lifecycle-process:2.6.2] AndroidManifest.xml:30:17-78
323                android:value="androidx.startup" />
323-->[androidx.lifecycle:lifecycle-process:2.6.2] AndroidManifest.xml:31:17-49
324            <meta-data
324-->[androidx.profileinstaller:profileinstaller:1.3.1] AndroidManifest.xml:29:13-31:52
325                android:name="androidx.profileinstaller.ProfileInstallerInitializer"
325-->[androidx.profileinstaller:profileinstaller:1.3.1] AndroidManifest.xml:30:17-85
326                android:value="androidx.startup" />
326-->[androidx.profileinstaller:profileinstaller:1.3.1] AndroidManifest.xml:31:17-49
327        </provider>
328
329        <service
329-->[com.google.android.datatransport:transport-backend-cct:3.1.8] AndroidManifest.xml:28:9-34:19
330            android:name="com.google.android.datatransport.runtime.backends.TransportBackendDiscovery"
330-->[com.google.android.datatransport:transport-backend-cct:3.1.8] AndroidManifest.xml:29:13-103
331            android:exported="false" >
331-->[com.google.android.datatransport:transport-backend-cct:3.1.8] AndroidManifest.xml:30:13-37
332            <meta-data